<?xml version="1.0" encoding="UTF-8"?>
<testsuite name="com.example.domain.model.PhoneTest" tests="3" skipped="0" failures="0" errors="0" timestamp="2024-10-01T15:42:51" hostname="MARCELLOW" time="0.042">
  <properties/>
  <testcase name="testToString()" classname="com.example.domain.model.PhoneTest" time="0.017"/>
  <testcase name="testEqualsAndHashCode()" classname="com.example.domain.model.PhoneTest" time="0.007"/>
  <testcase name="testPhoneCreation()" classname="com.example.domain.model.PhoneTest" time="0.007"/>
  <system-out><![CDATA[]]></system-out>
  <system-err><![CDATA[]]></system-err>
</testsuite>
