<?xml version="1.0" encoding="UTF-8"?>
<testsuite name="com.example.exception.ExceptionsTest" tests="2" skipped="0" failures="0" errors="0" timestamp="2024-10-01T15:42:53" hostname="MARCELLOW" time="0.004">
  <properties/>
  <testcase name="testRecordNotFoundExceptionMessage()" classname="com.example.exception.ExceptionsTest" time="0.002"/>
  <testcase name="testValidationExceptionMessage()" classname="com.example.exception.ExceptionsTest" time="0.001"/>
  <system-out><![CDATA[]]></system-out>
  <system-err><![CDATA[]]></system-err>
</testsuite>
