<?xml version="1.0" encoding="UTF-8"?>
<testsuite name="com.example.UserApiApplicationTest" tests="1" skipped="0" failures="0" errors="0" timestamp="2024-10-01T15:42:48" hostname="MARCELLOW" time="0.702">
  <properties/>
  <testcase name="contextLoads()" classname="com.example.UserApiApplicationTest" time="0.702"/>
  <system-out><![CDATA[12:42:41.029 [Test worker] INFO org.springframework.test.context.support.AnnotationConfigContextLoaderUtils -- Could not detect default configuration classes for test class [com.example.UserApiApplicationTest]: UserApiApplicationTest does not declare any static, non-private, non-final, nested classes annotated with @Configuration.
12:42:41.182 [Test worker] INFO org.springframework.boot.test.context.SpringBootTestContextBootstrapper -- Found @SpringBootConfiguration com.example.UserApiApplication for test class com.example.UserApiApplicationTest
  .   ____          _            __ _ _
 /\\ / ___'_ __ _ _(_)_ __  __ _ \ \ \ \
( ( )\___ | '_ | '_| | '_ \/ _` | \ \ \ \
 \\/  ___)| |_)| | | | | || (_| |  ) ) ) )
  '  |____| .__|_| |_|_| |_\__, | / / / /
 =========|_|==============|___/=/_/_/_/

 :: Spring Boot ::                (v3.3.0)

2024-10-01T12:42:41.900-03:00  INFO 38348 --- [    Test worker] com.example.UserApiApplicationTest       : Starting UserApiApplicationTest using Java 21.0.4 with PID 38348 (started by marce in C:\___MIRH\postulaciones\smartjob\20241001)
2024-10-01T12:42:41.904-03:00  INFO 38348 --- [    Test worker] com.example.UserApiApplicationTest       : No active profile set, falling back to 1 default profile: "default"
2024-10-01T12:42:43.184-03:00  INFO 38348 --- [    Test worker] .s.d.r.c.RepositoryConfigurationDelegate : Bootstrapping Spring Data JPA repositories in DEFAULT mode.
2024-10-01T12:42:43.295-03:00  INFO 38348 --- [    Test worker] .s.d.r.c.RepositoryConfigurationDelegate : Finished Spring Data repository scanning in 98 ms. Found 2 JPA repository interfaces.
2024-10-01T12:42:43.914-03:00  INFO 38348 --- [    Test worker] o.hibernate.jpa.internal.util.LogHelper  : HHH000204: Processing PersistenceUnitInfo [name: default]
2024-10-01T12:42:43.996-03:00  INFO 38348 --- [    Test worker] org.hibernate.Version                    : HHH000412: Hibernate ORM core version 6.5.2.Final
2024-10-01T12:42:44.051-03:00  INFO 38348 --- [    Test worker] o.h.c.internal.RegionFactoryInitiator    : HHH000026: Second-level cache disabled
2024-10-01T12:42:44.543-03:00  INFO 38348 --- [    Test worker] o.s.o.j.p.SpringPersistenceUnitInfo      : No LoadTimeWeaver setup: ignoring JPA class transformer
2024-10-01T12:42:44.591-03:00  INFO 38348 --- [    Test worker] com.zaxxer.hikari.HikariDataSource       : HikariPool-1 - Starting...
2024-10-01T12:42:44.853-03:00  INFO 38348 --- [    Test worker] com.zaxxer.hikari.pool.HikariPool        : HikariPool-1 - Added connection conn0: url=jdbc:h2:mem:testdb user=SA
2024-10-01T12:42:44.856-03:00  INFO 38348 --- [    Test worker] com.zaxxer.hikari.HikariDataSource       : HikariPool-1 - Start completed.
2024-10-01T12:42:44.882-03:00  WARN 38348 --- [    Test worker] org.hibernate.orm.deprecation            : HHH90000025: H2Dialect does not need to be specified explicitly using 'hibernate.dialect' (remove the property setting and it will be selected by default)
2024-10-01T12:42:46.118-03:00  INFO 38348 --- [    Test worker] o.h.e.t.j.p.i.JtaPlatformInitiator       : HHH000489: No JTA platform available (set 'hibernate.transaction.jta.platform' to enable JTA platform integration)
2024-10-01T12:42:46.239-03:00  INFO 38348 --- [    Test worker] j.LocalContainerEntityManagerFactoryBean : Initialized JPA EntityManagerFactory for persistence unit 'default'
2024-10-01T12:42:47.388-03:00  WARN 38348 --- [    Test worker] JpaBaseConfiguration$JpaWebConfiguration : spring.jpa.open-in-view is enabled by default. Therefore, database queries may be performed during view rendering. Explicitly configure spring.jpa.open-in-view to disable this warning
2024-10-01T12:42:48.306-03:00  INFO 38348 --- [    Test worker] o.s.b.a.h2.H2ConsoleAutoConfiguration    : H2 console available at '/h2-console'. Database available at 'jdbc:h2:mem:testdb'
2024-10-01T12:42:48.441-03:00  INFO 38348 --- [    Test worker] com.example.UserApiApplicationTest       : Started UserApiApplicationTest in 7.012 seconds (process running for 8.826)
]]></system-out>
  <system-err><![CDATA[WARNING: A Java agent has been loaded dynamically (C:\Users\marce\.gradle\caches\modules-2\files-2.1\net.bytebuddy\byte-buddy-agent\1.14.16\4a451ee6484abac3a498df0f3b33ed00a6fced4d\byte-buddy-agent-1.14.16.jar)
WARNING: If a serviceability tool is in use, please run with -XX:+EnableDynamicAgentLoading to hide this warning
WARNING: If a serviceability tool is not in use, please run with -Djdk.instrument.traceUsage for more information
WARNING: Dynamic loading of agents will be disallowed by default in a future release
]]></system-err>
</testsuite>
