<?xml version="1.0" encoding="UTF-8"?>
<testsuite name="com.example.domain.model.UserTest" tests="3" skipped="0" failures="0" errors="0" timestamp="2024-10-01T15:42:51" hostname="MARCELLOW" time="0.039">
  <properties/>
  <testcase name="testToString()" classname="com.example.domain.model.UserTest" time="0.025"/>
  <testcase name="testEqualsAndHashCode()" classname="com.example.domain.model.UserTest" time="0.001"/>
  <testcase name="testUserCreation()" classname="com.example.domain.model.UserTest" time="0.008"/>
  <system-out><![CDATA[]]></system-out>
  <system-err><![CDATA[]]></system-err>
</testsuite>
