<?xml version="1.0" encoding="UTF-8"?>
<testsuite name="com.example.controller.UserControllerTest" tests="7" skipped="0" failures="0" errors="0" timestamp="2024-10-01T15:42:50" hostname="MARCELLOW" time="0.889">
  <properties/>
  <testcase name="getUserByEmail_ShouldReturnUser_WhenUserExists()" classname="com.example.controller.UserControllerTest" time="0.57"/>
  <testcase name="getUserById_ShouldReturnUser_WhenUserExists()" classname="com.example.controller.UserControllerTest" time="0.02"/>
  <testcase name="deletePhone_ShouldReturnNoContent_WhenPhoneExists()" classname="com.example.controller.UserControllerTest" time="0.041"/>
  <testcase name="createUser_ShouldReturnCreatedStatus_WhenUserIsValid()" classname="com.example.controller.UserControllerTest" time="0.173"/>
  <testcase name="deleteUser_ShouldReturnNoContent_WhenUserExists()" classname="com.example.controller.UserControllerTest" time="0.013"/>
  <testcase name="getPhonesByUserId_ShouldReturnPhones_WhenPhonesExist()" classname="com.example.controller.UserControllerTest" time="0.028"/>
  <testcase name="createPhone_ShouldReturnCreatedStatus_WhenPhoneIsValid()" classname="com.example.controller.UserControllerTest" time="0.019"/>
  <system-out><![CDATA[2024-10-01T12:42:49.287-03:00  INFO 38348 --- [    Test worker] t.c.s.AnnotationConfigContextLoaderUtils : Could not detect default configuration classes for test class [com.example.controller.UserControllerTest]: UserControllerTest does not declare any static, non-private, non-final, nested classes annotated with @Configuration.
2024-10-01T12:42:49.339-03:00  INFO 38348 --- [    Test worker] .b.t.c.SpringBootTestContextBootstrapper : Found @SpringBootConfiguration com.example.UserApiApplication for test class com.example.controller.UserControllerTest
  .   ____          _            __ _ _
 /\\ / ___'_ __ _ _(_)_ __  __ _ \ \ \ \
( ( )\___ | '_ | '_| | '_ \/ _` | \ \ \ \
 \\/  ___)| |_)| | | | | || (_| |  ) ) ) )
  '  |____| .__|_| |_|_| |_\__, | / / / /
 =========|_|==============|___/=/_/_/_/

 :: Spring Boot ::                (v3.3.0)

2024-10-01T12:42:49.392-03:00  INFO 38348 --- [    Test worker] c.example.controller.UserControllerTest  : Starting UserControllerTest using Java 21.0.4 with PID 38348 (started by marce in C:\___MIRH\postulaciones\smartjob\20241001)
2024-10-01T12:42:49.393-03:00  INFO 38348 --- [    Test worker] c.example.controller.UserControllerTest  : No active profile set, falling back to 1 default profile: "default"
2024-10-01T12:42:50.606-03:00  INFO 38348 --- [    Test worker] o.s.b.t.m.w.SpringBootMockServletContext : Initializing Spring TestDispatcherServlet ''
2024-10-01T12:42:50.608-03:00  INFO 38348 --- [    Test worker] o.s.t.web.servlet.TestDispatcherServlet  : Initializing Servlet ''
2024-10-01T12:42:50.617-03:00  INFO 38348 --- [    Test worker] o.s.t.web.servlet.TestDispatcherServlet  : Completed initialization in 4 ms
2024-10-01T12:42:50.660-03:00  INFO 38348 --- [    Test worker] c.example.controller.UserControllerTest  : Started UserControllerTest in 1.311 seconds (process running for 11.045)
]]></system-out>
  <system-err><![CDATA[]]></system-err>
</testsuite>
