<?xml version="1.0" encoding="UTF-8"?>
<testsuite name="com.example.domain.repository.JPAUnitTest" tests="3" skipped="0" failures="0" errors="0" timestamp="2024-10-01T15:42:52" hostname="MARCELLOW" time="0.582">
  <properties/>
  <testcase name="whenSaveUser_thenUserIsSaved()" classname="com.example.domain.repository.JPAUnitTest" time="0.111"/>
  <testcase name="whenDeleteUser_thenUserShouldNotExist()" classname="com.example.domain.repository.JPAUnitTest" time="0.049"/>
  <testcase name="whenFindByEmail_thenReturnUser()" classname="com.example.domain.repository.JPAUnitTest" time="0.413"/>
  <system-out><![CDATA[2024-10-01T12:42:51.694-03:00  INFO 38348 --- [    Test worker] t.c.s.AnnotationConfigContextLoaderUtils : Could not detect default configuration classes for test class [com.example.domain.repository.JPAUnitTest]: JPAUnitTest does not declare any static, non-private, non-final, nested classes annotated with @Configuration.
2024-10-01T12:42:51.798-03:00  INFO 38348 --- [    Test worker] .b.t.c.SpringBootTestContextBootstrapper : Found @SpringBootConfiguration com.example.UserApiApplication for test class com.example.domain.repository.JPAUnitTest
  .   ____          _            __ _ _
 /\\ / ___'_ __ _ _(_)_ __  __ _ \ \ \ \
( ( )\___ | '_ | '_| | '_ \/ _` | \ \ \ \
 \\/  ___)| |_)| | | | | || (_| |  ) ) ) )
  '  |____| .__|_| |_|_| |_\__, | / / / /
 =========|_|==============|___/=/_/_/_/

 :: Spring Boot ::                (v3.3.0)

2024-10-01T12:42:51.858-03:00  INFO 38348 --- [    Test worker] c.example.domain.repository.JPAUnitTest  : Starting JPAUnitTest using Java 21.0.4 with PID 38348 (started by marce in C:\___MIRH\postulaciones\smartjob\20241001)
2024-10-01T12:42:51.858-03:00  INFO 38348 --- [    Test worker] c.example.domain.repository.JPAUnitTest  : No active profile set, falling back to 1 default profile: "default"
2024-10-01T12:42:52.179-03:00  INFO 38348 --- [    Test worker] .s.d.r.c.RepositoryConfigurationDelegate : Bootstrapping Spring Data JPA repositories in DEFAULT mode.
2024-10-01T12:42:52.223-03:00  INFO 38348 --- [    Test worker] .s.d.r.c.RepositoryConfigurationDelegate : Finished Spring Data repository scanning in 44 ms. Found 2 JPA repository interfaces.
2024-10-01T12:42:52.274-03:00  INFO 38348 --- [    Test worker] beddedDataSourceBeanFactoryPostProcessor : Replacing 'dataSource' DataSource bean with embedded version
2024-10-01T12:42:52.337-03:00  INFO 38348 --- [    Test worker] o.s.j.d.e.EmbeddedDatabaseFactory        : Starting embedded database: url='jdbc:h2:mem:51c7257e-21ad-47bd-977c-c7c2e05ef1fa;DB_CLOSE_DELAY=-1;DB_CLOSE_ON_EXIT=false', username='sa'
2024-10-01T12:42:52.395-03:00  INFO 38348 --- [    Test worker] o.hibernate.jpa.internal.util.LogHelper  : HHH000204: Processing PersistenceUnitInfo [name: default]
2024-10-01T12:42:52.403-03:00  INFO 38348 --- [    Test worker] o.h.c.internal.RegionFactoryInitiator    : HHH000026: Second-level cache disabled
2024-10-01T12:42:52.424-03:00  INFO 38348 --- [    Test worker] o.s.o.j.p.SpringPersistenceUnitInfo      : No LoadTimeWeaver setup: ignoring JPA class transformer
2024-10-01T12:42:52.427-03:00  WARN 38348 --- [    Test worker] org.hibernate.orm.deprecation            : HHH90000025: H2Dialect does not need to be specified explicitly using 'hibernate.dialect' (remove the property setting and it will be selected by default)
2024-10-01T12:42:52.525-03:00  INFO 38348 --- [    Test worker] o.h.e.t.j.p.i.JtaPlatformInitiator       : HHH000489: No JTA platform available (set 'hibernate.transaction.jta.platform' to enable JTA platform integration)
Hibernate: create table phones (id bigint generated by default as identity, citycode varchar(255) not null, countrycode varchar(255) not null, number varchar(255) not null, user_id uuid, primary key (id))
Hibernate: create table users (id uuid not null, created timestamp(6), email varchar(255) not null, is_active boolean not null, last_login timestamp(6), modified timestamp(6), name varchar(255) not null, password varchar(255) not null, token varchar(255), primary key (id))
Hibernate: alter table if exists users drop constraint if exists UK6dotkott2kjsp8vw4d0m25fb7
Hibernate: alter table if exists users add constraint UK6dotkott2kjsp8vw4d0m25fb7 unique (email)
Hibernate: alter table if exists phones add constraint FKmg6d77tgqfen7n1g763nvsqe3 foreign key (user_id) references users
2024-10-01T12:42:52.543-03:00  INFO 38348 --- [    Test worker] j.LocalContainerEntityManagerFactoryBean : Initialized JPA EntityManagerFactory for persistence unit 'default'
2024-10-01T12:42:52.646-03:00  INFO 38348 --- [    Test worker] c.example.domain.repository.JPAUnitTest  : Started JPAUnitTest in 0.841 seconds (process running for 13.031)
Hibernate: insert into users (created,email,is_active,last_login,modified,name,password,token,id) values (?,?,?,?,?,?,?,?,?)
Hibernate: select u1_0.id,u1_0.created,u1_0.email,u1_0.is_active,u1_0.last_login,u1_0.modified,u1_0.name,u1_0.password,u1_0.token from users u1_0 where u1_0.email=?
]]></system-out>
  <system-err><![CDATA[]]></system-err>
</testsuite>
